#
# A fatal error has been detected by the Java Runtime Environment:
#
#  EXCEPTION_ACCESS_VIOLATION (0xc0000005) at pc=0x00007ffd06f4f48d, pid=9808, tid=0x0000000000001f7c
#
# JRE version: Java(TM) SE Runtime Environment (8.0_161-b12) (build 1.8.0_161-b12)
# Java VM: Java HotSpot(TM) 64-Bit Server VM (25.161-b12 mixed mode windows-amd64 compressed oops)
# Problematic frame:
# C  [lwjgl_opengl.dll+0xf48d]
#
# Failed to write core dump. Minidumps are not enabled by default on client versions of Windows
#
# If you would like to submit a bug report, please visit:
#   http://bugreport.java.com/bugreport/crash.jsp
# The crash happened outside the Java Virtual Machine in native code.
# See problematic frame for where to report the bug.
#

---------------  T H R E A D  ---------------

Current thread (0x0000000020aa6800):  JavaThread "Finalizer" daemon [_thread_in_native, id=8060, stack(0x0000000022310000,0x0000000022410000)]

siginfo: ExceptionCode=0xc0000005, reading address 0x0000000000000a18

Registers:
RAX=0x0000000077f03d50, RBX=0x000000001ec37288, RCX=0x0000000000000001, RDX=0x00000000420c895c
RSP=0x000000002240eda8, RBP=0x000000002240ee28, RSI=0x0000000000000128, RDI=0x00000000050783fd
R8 =0x0000000000000001, R9 =0x00000000420c895c, R10=0x0000000000000000, R11=0x000000007798bcb0
R12=0x0000000000000000, R13=0x000000001ec37288, R14=0x000000002240ee58, R15=0x0000000020aa6800
RIP=0x00007ffd06f4f48d, EFLAGS=0x0000000000010202

Top of Stack: (sp=0x000000002240eda8)
0x000000002240eda8:   00000000050917b0 00000000050783fd
0x000000002240edb8:   00000000050911cb 0000000020aa6800
0x000000002240edc8:   000000001ec37288 0000000000000128
0x000000002240edd8:   0000000020aa6800 0000000005091182
0x000000002240ede8:   000000002240ede8 000000001ec37288
0x000000002240edf8:   000000002240ee58 000000001ec5b9c8
0x000000002240ee08:   0000000000000000 000000001ec37288
0x000000002240ee18:   0000000000000000 000000002240ee48
0x000000002240ee28:   000000002240eea0 00000000050783fd
0x000000002240ee38:   000000076f0c8150 0000000005087a58
0x000000002240ee48:   00000000420c895c 000000076b0001b8
0x000000002240ee58:   0000000000000001 000000002240ee60
0x000000002240ee68:   000000001ec373fc 000000002240eed0
0x000000002240ee78:   000000001ec5b9c8 0000000000000000
0x000000002240ee88:   000000001ec37470 000000002240ee48
0x000000002240ee98:   000000002240eed0 000000002240ef18 

Instructions: (pc=0x00007ffd06f4f48d)
0x00007ffd06f4f46d:   49 ff a2 58 0f 00 00 cc cc cc cc cc cc cc cc cc
0x00007ffd06f4f47d:   cc cc cc 48 8b 01 49 8b d1 41 8b c8 4c 8b 50 18
0x00007ffd06f4f48d:   49 ff a2 18 0a 00 00 cc cc cc cc cc cc cc cc cc
0x00007ffd06f4f49d:   cc cc cc 48 8b 01 49 8b d1 41 8b c8 4c 8b 50 18 


Register to memory mapping:

RAX=0x0000000077f03d50 is an unknown value
RBX={method} {0x000000001ec37290} 'nglDeleteTextures' '(IJ)V' in 'org/lwjgl/opengl/GL11'
RCX=0x0000000000000001 is an unknown value
RDX=0x00000000420c895c is an unknown value
RSP=0x000000002240eda8 is pointing into the stack for thread: 0x0000000020aa6800
RBP=0x000000002240ee28 is pointing into the stack for thread: 0x0000000020aa6800
RSI=0x0000000000000128 is an unknown value
RDI=0x00000000050783fd is at code_begin+2301 in an Interpreter codelet
invoke return entry points  [0x0000000005077b00, 0x00000000050784e0]  2528 bytes
R8 =0x0000000000000001 is an unknown value
R9 =0x00000000420c895c is an unknown value
R10=0x0000000000000000 is an unknown value
R11=0x000000007798bcb0 is an unknown value
R12=0x0000000000000000 is an unknown value
R13={method} {0x000000001ec37290} 'nglDeleteTextures' '(IJ)V' in 'org/lwjgl/opengl/GL11'
R14=0x000000002240ee58 is pointing into the stack for thread: 0x0000000020aa6800
R15=0x0000000020aa6800 is a thread


Stack: [0x0000000022310000,0x0000000022410000],  sp=0x000000002240eda8,  free space=1019k
Native frames: (J=compiled Java code, j=interpreted, Vv=VM code, C=native code)
C  [lwjgl_opengl.dll+0xf48d]

Java frames: (J=compiled Java code, j=interpreted, Vv=VM code)
j  org.lwjgl.opengl.GL11.nglDeleteTextures(IJ)V+0
j  org.lwjgl.opengl.GL11.glDeleteTextures(I)V+20
j  com.detrivos.eng.render.Texture.finalize()V+4
j  java.lang.System$2.invokeFinalize(Ljava/lang/Object;)V+1
j  java.lang.ref.Finalizer.runFinalizer(Lsun/misc/JavaLangAccess;)V+46
j  java.lang.ref.Finalizer.access$100(Ljava/lang/ref/Finalizer;Lsun/misc/JavaLangAccess;)V+2
j  java.lang.ref.Finalizer$FinalizerThread.run()V+45
v  ~StubRoutines::call_stub

---------------  P R O C E S S  ---------------

Java Threads: ( => current thread )
  0x000000002416e000 JavaThread "Java2D Disposer" daemon [_thread_blocked, id=5836, stack(0x00000000351e0000,0x00000000352e0000)]
  0x0000000020bc1000 JavaThread "Service Thread" daemon [_thread_blocked, id=380, stack(0x0000000023a40000,0x0000000023b40000)]
  0x0000000020b36800 JavaThread "C1 CompilerThread11" daemon [_thread_blocked, id=5748, stack(0x0000000023940000,0x0000000023a40000)]
  0x0000000020b3c800 JavaThread "C1 CompilerThread10" daemon [_thread_blocked, id=6084, stack(0x0000000023840000,0x0000000023940000)]
  0x0000000020b3b800 JavaThread "C1 CompilerThread9" daemon [_thread_blocked, id=4880, stack(0x0000000023740000,0x0000000023840000)]
  0x0000000020b35800 JavaThread "C1 CompilerThread8" daemon [_thread_blocked, id=8432, stack(0x0000000023640000,0x0000000023740000)]
  0x0000000020b3a000 JavaThread "C2 CompilerThread7" daemon [_thread_blocked, id=8740, stack(0x0000000023540000,0x0000000023640000)]
  0x0000000020b2c000 JavaThread "C2 CompilerThread6" daemon [_thread_blocked, id=6840, stack(0x0000000023440000,0x0000000023540000)]
  0x0000000020af8000 JavaThread "C2 CompilerThread5" daemon [_thread_blocked, id=12944, stack(0x0000000023240000,0x0000000023340000)]
  0x0000000020af5800 JavaThread "C2 CompilerThread4" daemon [_thread_blocked, id=13356, stack(0x0000000023140000,0x0000000023240000)]
  0x0000000020ae2800 JavaThread "C2 CompilerThread3" daemon [_thread_blocked, id=12364, stack(0x0000000023040000,0x0000000023140000)]
  0x0000000020ae2000 JavaThread "C2 CompilerThread2" daemon [_thread_blocked, id=5140, stack(0x0000000022f40000,0x0000000023040000)]
  0x0000000020ae1000 JavaThread "C2 CompilerThread1" daemon [_thread_blocked, id=1328, stack(0x0000000022e40000,0x0000000022f40000)]
  0x0000000020adf800 JavaThread "C2 CompilerThread0" daemon [_thread_blocked, id=1532, stack(0x0000000022d40000,0x0000000022e40000)]
  0x0000000020ad4000 JavaThread "JDWP Command Reader" daemon [_thread_in_native, id=11344, stack(0x0000000022c40000,0x0000000022d40000)]
  0x0000000020ad1800 JavaThread "JDWP Event Helper Thread" daemon [_thread_blocked, id=14080, stack(0x0000000022b40000,0x0000000022c40000)]
  0x0000000020ac5000 JavaThread "JDWP Transport Listener: dt_socket" daemon [_thread_blocked, id=6160, stack(0x0000000022a40000,0x0000000022b40000)]
  0x0000000020abb800 JavaThread "Attach Listener" daemon [_thread_blocked, id=4396, stack(0x0000000022600000,0x0000000022700000)]
  0x0000000020ab7000 JavaThread "Signal Dispatcher" daemon [_thread_blocked, id=1468, stack(0x0000000022500000,0x0000000022600000)]
=>0x0000000020aa6800 JavaThread "Finalizer" daemon [_thread_in_native, id=8060, stack(0x0000000022310000,0x0000000022410000)]
  0x000000001f03b800 JavaThread "Reference Handler" daemon [_thread_blocked, id=10868, stack(0x0000000022210000,0x0000000022310000)]
  0x0000000004f72800 JavaThread "main" [_thread_in_native, id=14264, stack(0x0000000004e70000,0x0000000004f70000)]

Other Threads:
  0x0000000020a84000 VMThread [stack: 0x0000000022110000,0x0000000022210000] [id=1340]
  0x0000000020be2800 WatcherThread [stack: 0x0000000023b40000,0x0000000023c40000] [id=8632]

VM state:not at safepoint (normal execution)

VM Mutex/Monitor currently owned by a thread: None

Heap:
 PSYoungGen      total 76288K, used 7086K [0x000000076b000000, 0x0000000770500000, 0x00000007c0000000)
  eden space 65536K, 3% used [0x000000076b000000,0x000000076b27ba60,0x000000076f000000)
  from space 10752K, 42% used [0x000000076f000000,0x000000076f470080,0x000000076fa80000)
  to   space 10752K, 0% used [0x000000076fa80000,0x000000076fa80000,0x0000000770500000)
 ParOldGen       total 175104K, used 16K [0x00000006c1000000, 0x00000006cbb00000, 0x000000076b000000)
  object space 175104K, 0% used [0x00000006c1000000,0x00000006c1004000,0x00000006cbb00000)
 Metaspace       used 11945K, capacity 12177K, committed 12416K, reserved 1060864K
  class space    used 1028K, capacity 1131K, committed 1152K, reserved 1048576K

Card table byte_map: [0x0000000014430000,0x0000000014c30000] byte_map_base: 0x0000000010e28000

Marking Bits: (ParMarkBitMap*) 0x0000000077f7f860
 Begin Bits: [0x0000000015e80000, 0x0000000019e40000)
 End Bits:   [0x0000000019e40000, 0x000000001de00000)

Polling page: 0x0000000003590000

CodeCache: size=245760Kb used=5833Kb max_used=5846Kb free=239926Kb
 bounds [0x0000000005070000, 0x0000000005630000, 0x0000000014070000]
 total_blobs=1912 nmethods=1021 adapters=810
 compilation: enabled

Compilation events (10 events):
Event: 2.086 Thread 0x0000000020b3c800 1015       1       com.detrivos.game.level.Level::getDimension (5 bytes)
Event: 2.086 Thread 0x0000000020b3c800 nmethod 1015 0x00000000055c1210 code [0x00000000055c1360, 0x00000000055c1470]
Event: 2.446 Thread 0x0000000020b35800 1016       1       com.detrivos.eng.io.Camera::getPos (5 bytes)
Event: 2.446 Thread 0x0000000020b35800 nmethod 1016 0x00000000055c0f50 code [0x00000000055c10a0, 0x00000000055c11b0]
Event: 2.516 Thread 0x0000000020b36800 1017       3       org.lwjgl.system.MemoryUtil::address (10 bytes)
Event: 2.516 Thread 0x0000000020b36800 nmethod 1017 0x00000000055c0ad0 code [0x00000000055c0c40, 0x00000000055c0e50]
Event: 2.584 Thread 0x0000000020b3b800 1018       3       sun.misc.VM::addFinalRefCount (24 bytes)
Event: 2.584 Thread 0x0000000020b3c800 1019   !   3       java.lang.ref.Reference::tryHandlePending (115 bytes)
Event: 2.584 Thread 0x0000000020b35800 1021   !   3       java.lang.ref.ReferenceQueue::enqueue (119 bytes)
Event: 2.585 Thread 0x0000000020b3b800 nmethod 1018 0x00000000055c03d0 code [0x00000000055c0520, 0x00000000055c06d0]

GC Heap History (2 events):
Event: 2.581 GC heap before
{Heap before GC invocations=1 (full 0):
 PSYoungGen      total 76288K, used 65536K [0x000000076b000000, 0x0000000770500000, 0x00000007c0000000)
  eden space 65536K, 100% used [0x000000076b000000,0x000000076f000000,0x000000076f000000)
  from space 10752K, 0% used [0x000000076fa80000,0x000000076fa80000,0x0000000770500000)
  to   space 10752K, 0% used [0x000000076f000000,0x000000076f000000,0x000000076fa80000)
 ParOldGen       total 175104K, used 0K [0x00000006c1000000, 0x00000006cbb00000, 0x000000076b000000)
  object space 175104K, 0% used [0x00000006c1000000,0x00000006c1000000,0x00000006cbb00000)
 Metaspace       used 11941K, capacity 12177K, committed 12416K, reserved 1060864K
  class space    used 1028K, capacity 1131K, committed 1152K, reserved 1048576K
Event: 2.584 GC heap after
Heap after GC invocations=1 (full 0):
 PSYoungGen      total 76288K, used 4544K [0x000000076b000000, 0x0000000770500000, 0x00000007c0000000)
  eden space 65536K, 0% used [0x000000076b000000,0x000000076b000000,0x000000076f000000)
  from space 10752K, 42% used [0x000000076f000000,0x000000076f470080,0x000000076fa80000)
  to   space 10752K, 0% used [0x000000076fa80000,0x000000076fa80000,0x0000000770500000)
 ParOldGen       total 175104K, used 16K [0x00000006c1000000, 0x00000006cbb00000, 0x000000076b000000)
  object space 175104K, 0% used [0x00000006c1000000,0x00000006c1004000,0x00000006cbb00000)
 Metaspace       used 11941K, capacity 12177K, committed 12416K, reserved 1060864K
  class space    used 1028K, capacity 1131K, committed 1152K, reserved 1048576K
}

Deoptimization events (10 events):
Event: 2.584 Thread 0x0000000004f72800 Uncommon trap: reason=range_check action=none pc=0x00000000055b9ce4 method=com.detrivos.game.level.Level.getTile(II)Lcom/detrivos/game/level/tile/Tile; @ 19
Event: 2.584 Thread 0x0000000004f72800 Uncommon trap: reason=range_check action=none pc=0x00000000055b9ce4 method=com.detrivos.game.level.Level.getTile(II)Lcom/detrivos/game/level/tile/Tile; @ 19
Event: 2.584 Thread 0x0000000004f72800 Uncommon trap: reason=range_check action=none pc=0x00000000055b9ce4 method=com.detrivos.game.level.Level.getTile(II)Lcom/detrivos/game/level/tile/Tile; @ 19
Event: 2.585 Thread 0x0000000004f72800 Uncommon trap: reason=range_check action=none pc=0x00000000055b9ce4 method=com.detrivos.game.level.Level.getTile(II)Lcom/detrivos/game/level/tile/Tile; @ 19
Event: 2.585 Thread 0x0000000004f72800 Uncommon trap: reason=range_check action=none pc=0x00000000055b9ce4 method=com.detrivos.game.level.Level.getTile(II)Lcom/detrivos/game/level/tile/Tile; @ 19
Event: 2.585 Thread 0x0000000004f72800 Uncommon trap: reason=range_check action=none pc=0x00000000055b9ce4 method=com.detrivos.game.level.Level.getTile(II)Lcom/detrivos/game/level/tile/Tile; @ 19
Event: 2.585 Thread 0x0000000004f72800 Uncommon trap: reason=range_check action=none pc=0x00000000055b9ce4 method=com.detrivos.game.level.Level.getTile(II)Lcom/detrivos/game/level/tile/Tile; @ 19
Event: 2.585 Thread 0x0000000004f72800 Uncommon trap: reason=range_check action=none pc=0x00000000055b9ce4 method=com.detrivos.game.level.Level.getTile(II)Lcom/detrivos/game/level/tile/Tile; @ 19
Event: 2.585 Thread 0x0000000004f72800 Uncommon trap: reason=range_check action=none pc=0x00000000055b9ce4 method=com.detrivos.game.level.Level.getTile(II)Lcom/detrivos/game/level/tile/Tile; @ 19
Event: 2.585 Thread 0x0000000004f72800 Uncommon trap: reason=range_check action=none pc=0x00000000055b9ce4 method=com.detrivos.game.level.Level.getTile(II)Lcom/detrivos/game/level/tile/Tile; @ 19

Classes redefined (0 events):
No events

Internal exceptions (10 events):
Event: 2.584 Thread 0x0000000004f72800 Exception <a 'java/lang/ArrayIndexOutOfBoundsException': -235> (0x000000076b1480b0) thrown at [C:\re\workspace\8-2-build-windows-amd64-cygwin\jdk8u161\10277\hotspot\src\share\vm\interpreter\interpreterRuntime.cpp, line 366]
Event: 2.584 Thread 0x0000000004f72800 Exception <a 'java/lang/ArrayIndexOutOfBoundsException': -234> (0x000000076b1482e8) thrown at [C:\re\workspace\8-2-build-windows-amd64-cygwin\jdk8u161\10277\hotspot\src\share\vm\interpreter\interpreterRuntime.cpp, line 366]
Event: 2.585 Thread 0x0000000004f72800 Exception <a 'java/lang/ArrayIndexOutOfBoundsException': -233> (0x000000076b148520) thrown at [C:\re\workspace\8-2-build-windows-amd64-cygwin\jdk8u161\10277\hotspot\src\share\vm\interpreter\interpreterRuntime.cpp, line 366]
Event: 2.585 Thread 0x0000000004f72800 Exception <a 'java/lang/ArrayIndexOutOfBoundsException': -232> (0x000000076b148758) thrown at [C:\re\workspace\8-2-build-windows-amd64-cygwin\jdk8u161\10277\hotspot\src\share\vm\interpreter\interpreterRuntime.cpp, line 366]
Event: 2.585 Thread 0x0000000004f72800 Exception <a 'java/lang/ArrayIndexOutOfBoundsException': -231> (0x000000076b148990) thrown at [C:\re\workspace\8-2-build-windows-amd64-cygwin\jdk8u161\10277\hotspot\src\share\vm\interpreter\interpreterRuntime.cpp, line 366]
Event: 2.585 Thread 0x0000000004f72800 Exception <a 'java/lang/ArrayIndexOutOfBoundsException': -230> (0x000000076b148bc8) thrown at [C:\re\workspace\8-2-build-windows-amd64-cygwin\jdk8u161\10277\hotspot\src\share\vm\interpreter\interpreterRuntime.cpp, line 366]
Event: 2.585 Thread 0x0000000004f72800 Exception <a 'java/lang/ArrayIndexOutOfBoundsException': -229> (0x000000076b148e00) thrown at [C:\re\workspace\8-2-build-windows-amd64-cygwin\jdk8u161\10277\hotspot\src\share\vm\interpreter\interpreterRuntime.cpp, line 366]
Event: 2.585 Thread 0x0000000004f72800 Exception <a 'java/lang/ArrayIndexOutOfBoundsException': -228> (0x000000076b149038) thrown at [C:\re\workspace\8-2-build-windows-amd64-cygwin\jdk8u161\10277\hotspot\src\share\vm\interpreter\interpreterRuntime.cpp, line 366]
Event: 2.585 Thread 0x0000000004f72800 Exception <a 'java/lang/ArrayIndexOutOfBoundsException': -227> (0x000000076b149270) thrown at [C:\re\workspace\8-2-build-windows-amd64-cygwin\jdk8u161\10277\hotspot\src\share\vm\interpreter\interpreterRuntime.cpp, line 366]
Event: 2.585 Thread 0x0000000004f72800 Exception <a 'java/lang/ArrayIndexOutOfBoundsException': -226> (0x000000076b1494a8) thrown at [C:\re\workspace\8-2-build-windows-amd64-cygwin\jdk8u161\10277\hotspot\src\share\vm\interpreter\interpreterRuntime.cpp, line 366]

Events (10 events):
Event: 2.585 Thread 0x0000000004f72800 Uncommon trap: trap_request=0xffffffe7 fr.pc=0x00000000055b9ce4
Event: 2.585 Thread 0x0000000004f72800 DEOPT PACKING pc=0x00000000055b9ce4 sp=0x0000000004f6f2d0
Event: 2.585 Thread 0x0000000004f72800 DEOPT UNPACKING pc=0x00000000050b583b sp=0x0000000004f6f270 mode 2
Event: 2.585 Thread 0x0000000004f72800 Uncommon trap: trap_request=0xffffffe7 fr.pc=0x00000000055b9ce4
Event: 2.585 Thread 0x0000000004f72800 DEOPT PACKING pc=0x00000000055b9ce4 sp=0x0000000004f6f2d0
Event: 2.585 Thread 0x0000000004f72800 DEOPT UNPACKING pc=0x00000000050b583b sp=0x0000000004f6f270 mode 2
Event: 2.585 Thread 0x0000000004f72800 Uncommon trap: trap_request=0xffffffe7 fr.pc=0x00000000055b9ce4
Event: 2.585 Thread 0x0000000004f72800 DEOPT PACKING pc=0x00000000055b9ce4 sp=0x0000000004f6f2d0
Event: 2.585 Thread 0x0000000004f72800 DEOPT UNPACKING pc=0x00000000050b583b sp=0x0000000004f6f270 mode 2
Event: 2.585 Thread 0x0000000004f72800 Uncommon trap: trap_request=0xffffffe7 fr.pc=0x00000000055b9ce4


Dynamic libraries:
0x00007ff612a80000 - 0x00007ff612ab7000 	C:\Program Files\Java\jre1.8.0_161\bin\javaw.exe
0x00007ffd10820000 - 0x00007ffd10a00000 	C:\WINDOWS\SYSTEM32\ntdll.dll
0x00007ffd0e210000 - 0x00007ffd0e2be000 	C:\WINDOWS\System32\KERNEL32.DLL
0x00007ffd0d4f0000 - 0x00007ffd0d756000 	C:\WINDOWS\System32\KERNELBASE.dll
0x00007ffd0e020000 - 0x00007ffd0e0c1000 	C:\WINDOWS\System32\ADVAPI32.dll
0x00007ffd10670000 - 0x00007ffd1070d000 	C:\WINDOWS\System32\msvcrt.dll
0x00007ffd0dcf0000 - 0x00007ffd0dd4b000 	C:\WINDOWS\System32\sechost.dll
0x00007ffd0fc60000 - 0x00007ffd0fd7f000 	C:\WINDOWS\System32\RPCRT4.dll
0x00007ffd0e4a0000 - 0x00007ffd0e62f000 	C:\WINDOWS\System32\USER32.dll
0x00007ffd0cc70000 - 0x00007ffd0cc90000 	C:\WINDOWS\System32\win32u.dll
0x00007ffd0e0d0000 - 0x00007ffd0e0f8000 	C:\WINDOWS\System32\GDI32.dll
0x00007ffd0db50000 - 0x00007ffd0dce3000 	C:\WINDOWS\System32\gdi32full.dll
0x00007ffd0d9b0000 - 0x00007ffd0da4b000 	C:\WINDOWS\System32\msvcp_win.dll
0x00007ffd0da50000 - 0x00007ffd0db46000 	C:\WINDOWS\System32\ucrtbase.dll
0x00007ffd021b0000 - 0x00007ffd02419000 	C:\WINDOWS\WinSxS\amd64_microsoft.windows.common-controls_6595b64144ccf1df_6.0.16299.431_none_15c7d3ee93659e73\COMCTL32.dll
0x00007ffd10250000 - 0x00007ffd10558000 	C:\WINDOWS\System32\combase.dll
0x00007ffd0d760000 - 0x00007ffd0d7d2000 	C:\WINDOWS\System32\bcryptPrimitives.dll
0x00007ffd10560000 - 0x00007ffd1058d000 	C:\WINDOWS\System32\IMM32.DLL
0x00000000773d0000 - 0x00000000774a2000 	C:\Program Files\Java\jre1.8.0_161\bin\msvcr100.dll
0x0000000077760000 - 0x0000000077fff000 	C:\Program Files\Java\jre1.8.0_161\bin\server\jvm.dll
0x00007ffd0fd90000 - 0x00007ffd0fd98000 	C:\WINDOWS\System32\PSAPI.DLL
0x00007ffd00210000 - 0x00007ffd00219000 	C:\WINDOWS\SYSTEM32\WSOCK32.dll
0x00007ffd064e0000 - 0x00007ffd06503000 	C:\WINDOWS\SYSTEM32\WINMM.dll
0x00007ffd04e10000 - 0x00007ffd04e1a000 	C:\WINDOWS\SYSTEM32\VERSION.dll
0x00007ffd0e2c0000 - 0x00007ffd0e32c000 	C:\WINDOWS\System32\WS2_32.dll
0x00007ffd06480000 - 0x00007ffd064aa000 	C:\WINDOWS\SYSTEM32\WINMMBASE.dll
0x00007ffd0cc20000 - 0x00007ffd0cc6a000 	C:\WINDOWS\System32\cfgmgr32.dll
0x0000000050020000 - 0x000000005002f000 	C:\Program Files\Java\jre1.8.0_161\bin\verify.dll
0x0000000077650000 - 0x0000000077679000 	C:\Program Files\Java\jre1.8.0_161\bin\java.dll
0x0000000077390000 - 0x00000000773c5000 	C:\Program Files\Java\jre1.8.0_161\bin\jdwp.dll
0x0000000077380000 - 0x0000000077388000 	C:\Program Files\Java\jre1.8.0_161\bin\npt.dll
0x0000000050000000 - 0x0000000050016000 	C:\Program Files\Java\jre1.8.0_161\bin\zip.dll
0x00007ffd0e6d0000 - 0x00007ffd0fb08000 	C:\WINDOWS\System32\SHELL32.dll
0x00007ffd0ddd0000 - 0x00007ffd0de76000 	C:\WINDOWS\System32\shcore.dll
0x00007ffd0cda0000 - 0x00007ffd0d4e7000 	C:\WINDOWS\System32\windows.storage.dll
0x00007ffd10590000 - 0x00007ffd105e1000 	C:\WINDOWS\System32\shlwapi.dll
0x00007ffd0cb70000 - 0x00007ffd0cb81000 	C:\WINDOWS\System32\kernel.appcore.dll
0x00007ffd0cbd0000 - 0x00007ffd0cc1c000 	C:\WINDOWS\System32\powrprof.dll
0x00007ffd0cb90000 - 0x00007ffd0cbab000 	C:\WINDOWS\System32\profapi.dll
0x0000000077370000 - 0x0000000077379000 	C:\Program Files\Java\jre1.8.0_161\bin\dt_socket.dll
0x00007ffcebf30000 - 0x00007ffcebf46000 	C:\WINDOWS\system32\napinsp.dll
0x00007ffcf4570000 - 0x00007ffcf458a000 	C:\WINDOWS\system32\pnrpnsp.dll
0x00007ffd08340000 - 0x00007ffd08358000 	C:\WINDOWS\system32\NLAapi.dll
0x00007ffd0c400000 - 0x00007ffd0c466000 	C:\WINDOWS\System32\mswsock.dll
0x00007ffd0c1d0000 - 0x00007ffd0c286000 	C:\WINDOWS\SYSTEM32\DNSAPI.dll
0x00007ffd107e0000 - 0x00007ffd107e8000 	C:\WINDOWS\System32\NSI.dll
0x00007ffd0c190000 - 0x00007ffd0c1c9000 	C:\WINDOWS\SYSTEM32\IPHLPAPI.DLL
0x00007ffcebf50000 - 0x00007ffcebf5e000 	C:\WINDOWS\System32\winrnr.dll
0x00007ffd03cc0000 - 0x00007ffd03d30000 	C:\WINDOWS\System32\fwpuclnt.dll
0x00007ffd0c6d0000 - 0x00007ffd0c6f5000 	C:\WINDOWS\SYSTEM32\bcrypt.dll
0x00007ffd03980000 - 0x00007ffd0398a000 	C:\Windows\System32\rasadhlp.dll
0x00000000771d0000 - 0x0000000077368000 	C:\Program Files\Java\jre1.8.0_161\bin\awt.dll
0x00007ffd10710000 - 0x00007ffd107d5000 	C:\WINDOWS\System32\OLEAUT32.dll
0x00007ffd0afe0000 - 0x00007ffd0b068000 	C:\WINDOWS\SYSTEM32\apphelp.dll
0x0000000077630000 - 0x000000007764a000 	C:\Program Files\Java\jre1.8.0_161\bin\net.dll
0x0000000077610000 - 0x0000000077621000 	C:\Program Files\Java\jre1.8.0_161\bin\nio.dll
0x00007ffd07000000 - 0x00007ffd0705b000 	C:\Users\detri\AppData\Local\Temp\lwjgldetri\3.1.6-build-14\lwjgl.dll
0x00007ffd06fa0000 - 0x00007ffd06ff1000 	C:\Users\detri\AppData\Local\Temp\lwjgldetri\3.1.6-build-14\glfw.dll
0x00007ffd0b150000 - 0x00007ffd0b1e5000 	C:\WINDOWS\system32\uxtheme.dll
0x00007ffd080e0000 - 0x00007ffd08123000 	C:\WINDOWS\SYSTEM32\dinput8.dll
0x00007ffd092f0000 - 0x00007ffd09300000 	C:\WINDOWS\SYSTEM32\xinput1_4.dll
0x00007ffd0c980000 - 0x00007ffd0c9a7000 	C:\WINDOWS\SYSTEM32\DEVOBJ.dll
0x00007ffd0b410000 - 0x00007ffd0b43a000 	C:\WINDOWS\SYSTEM32\dwmapi.dll
0x00007ffd05b60000 - 0x00007ffd05b8e000 	C:\WINDOWS\SYSTEM32\inputhost.dll
0x00007ffd0a990000 - 0x00007ffd0aa6c000 	C:\WINDOWS\SYSTEM32\CoreMessaging.dll
0x00007ffd05e30000 - 0x00007ffd0611e000 	C:\WINDOWS\SYSTEM32\CoreUIComponents.dll
0x00007ffd0bdb0000 - 0x00007ffd0bde1000 	C:\WINDOWS\SYSTEM32\ntmarta.dll
0x00007ffd09730000 - 0x00007ffd09866000 	C:\WINDOWS\SYSTEM32\wintypes.dll
0x00007ffd0e330000 - 0x00007ffd0e497000 	C:\WINDOWS\System32\MSCTF.dll
0x0000000180000000 - 0x000000018025a000 	C:\Program Files (x86)\RivaTuner Statistics Server\RTSSHooks64.dll
0x00007ffd0b940000 - 0x00007ffd0b94c000 	C:\WINDOWS\SYSTEM32\HID.DLL
0x00007ffd0fe00000 - 0x00007ffd1024e000 	C:\WINDOWS\System32\SETUPAPI.DLL
0x00007ffd0cc90000 - 0x00007ffd0cce8000 	C:\WINDOWS\System32\WINTRUST.dll
0x00007ffd0cbb0000 - 0x00007ffd0cbc2000 	C:\WINDOWS\System32\MSASN1.dll
0x00007ffd0d7e0000 - 0x00007ffd0d9ae000 	C:\WINDOWS\System32\CRYPT32.dll
0x00007ffcd7a00000 - 0x00007ffcd7b1e000 	C:\WINDOWS\SYSTEM32\opengl32.dll
0x00007ffceb7d0000 - 0x00007ffceb7fc000 	C:\WINDOWS\SYSTEM32\GLU32.dll
0x00007ffcd7c60000 - 0x00007ffcd7c85000 	C:\WINDOWS\System32\DriverStore\FileRepository\c0326037.inf_amd64_6cad8aeb5717c52d\B326079\atig6pxx.dll
0x0000000050d40000 - 0x0000000053085000 	C:\WINDOWS\System32\DriverStore\FileRepository\c0326037.inf_amd64_6cad8aeb5717c52d\B326079\atio6axx.dll
0x00007ffd0fb10000 - 0x00007ffd0fc59000 	C:\WINDOWS\System32\ole32.dll
0x00007ffcef8d0000 - 0x00007ffcef8f2000 	C:\WINDOWS\SYSTEM32\dxva2.dll
0x00007ffcd7570000 - 0x00007ffcd75a7000 	C:\WINDOWS\System32\DriverStore\FileRepository\c0326037.inf_amd64_6cad8aeb5717c52d\B326079\atig6txx.dll
0x00007ffcd2e60000 - 0x00007ffcd2fd1000 	C:\WINDOWS\SYSTEM32\atiadlxx.dll
0x00007ffd08480000 - 0x00007ffd08631000 	C:\WINDOWS\SYSTEM32\PROPSYS.dll
0x00007ffd0ca70000 - 0x00007ffd0ca99000 	C:\WINDOWS\SYSTEM32\USERENV.dll
0x00007ffd09350000 - 0x00007ffd09363000 	C:\WINDOWS\SYSTEM32\WTSAPI32.dll
0x00007ffcfdf20000 - 0x00007ffcfdfb8000 	C:\WINDOWS\System32\TextInputFramework.dll
0x00007ffd06f40000 - 0x00007ffd06f9f000 	C:\Users\detri\AppData\Local\Temp\lwjgldetri\3.1.6-build-14\lwjgl_opengl.dll
0x00007ffd0c5c0000 - 0x00007ffd0c5d7000 	C:\WINDOWS\SYSTEM32\CRYPTSP.dll
0x00007ffd0c000000 - 0x00007ffd0c033000 	C:\WINDOWS\system32\rsaenh.dll
0x00007ffd0c5e0000 - 0x00007ffd0c5eb000 	C:\WINDOWS\SYSTEM32\CRYPTBASE.dll
0x00007ffd08420000 - 0x00007ffd08436000 	C:\WINDOWS\SYSTEM32\dhcpcsvc6.DLL
0x00007ffd08a90000 - 0x00007ffd08aaa000 	C:\WINDOWS\SYSTEM32\dhcpcsvc.DLL
0x00007ffd07610000 - 0x00007ffd077d8000 	C:\WINDOWS\SYSTEM32\dbghelp.dll

VM Arguments:
jvm_args: -agentlib:jdwp=transport=dt_socket,suspend=y,address=localhost:49337 -Dfile.encoding=Cp1252 
java_command: com.detrivos.Main
java_class_path (initial): C:\Program Files\Java\jre1.8.0_161\lib\resources.jar;C:\Program Files\Java\jre1.8.0_161\lib\rt.jar;C:\Program Files\Java\jre1.8.0_161\lib\jsse.jar;C:\Program Files\Java\jre1.8.0_161\lib\jce.jar;C:\Program Files\Java\jre1.8.0_161\lib\charsets.jar;C:\Program Files\Java\jre1.8.0_161\lib\jfr.jar;C:\Program Files\Java\jre1.8.0_161\lib\ext\access-bridge-64.jar;C:\Program Files\Java\jre1.8.0_161\lib\ext\cldrdata.jar;C:\Program Files\Java\jre1.8.0_161\lib\ext\dnsns.jar;C:\Program Files\Java\jre1.8.0_161\lib\ext\jaccess.jar;C:\Program Files\Java\jre1.8.0_161\lib\ext\jfxrt.jar;C:\Program Files\Java\jre1.8.0_161\lib\ext\localedata.jar;C:\Program Files\Java\jre1.8.0_161\lib\ext\nashorn.jar;C:\Program Files\Java\jre1.8.0_161\lib\ext\sunec.jar;C:\Program Files\Java\jre1.8.0_161\lib\ext\sunjce_provider.jar;C:\Program Files\Java\jre1.8.0_161\lib\ext\sunmscapi.jar;C:\Program Files\Java\jre1.8.0_161\lib\ext\sunpkcs11.jar;C:\Program Files\Java\jre1.8.0_161\lib\ext\zipfs.jar;F:\Workspaces\GameEngineBase1\Engine\bin;F:\Workspaces\GameEngineBase1\Engine\lib\joml-1.9.2.jar;F:\Workspaces\GameEngineBase1\Engine\lib\lwjgl-glfw.jar;F:\Workspaces\GameEngineBase1\Engine\lib\lwjgl-nuklear.jar;F:\Workspaces\GameEngineBase1\Engine\lib\lwjgl-openal.jar;F:\Workspaces\GameEngineBase1\Engine\lib\lwjgl-opencl.jar;F:\Workspaces\GameEngineBase1\Engine\lib\lwjgl-opengl.jar;F:\Workspaces\GameEngineBase1\Engine\lib\lwjgl-opengles.jar;F:\Workspaces\GameEngineBase1\Engine\lib\lwjgl-ovr.jar;F:\Workspaces\GameEngineBase1\Engine\lib\lwjgl-vulkan.jar;F:\Workspaces\GameEngineBase1\Engine\lib\lwjgl.jar;F:\Workspaces\GameEngineBase1\Engine\res;F:\Workspaces\GameEngineBase1\Engine\lib\natives\lwjgl-glfw-natives-windows.jar;F:\Workspaces\GameEngineBase1\Engine\lib\natives\lwjgl-natives-windows.jar;F:\Workspaces\GameEngineBase1\Engine\lib\natives\lwjgl-nuklear-natives-windows.jar;F:\Workspaces\GameEngineBase1\Engine\lib\natives\lwjgl-openal-natives-windows.jar;F:\Workspaces\GameEngineBase1\
Launcher Type: SUN_STANDARD

Environment Variables:
PATH=C:/Program Files/Java/jre1.8.0_161/bin/server;C:/Program Files/Java/jre1.8.0_161/bin;C:/Program Files/Java/jre1.8.0_161/lib/amd64;C:\ProgramData\Oracle\Java\javapath;C:\WINDOWS\system32;C:\WINDOWS;C:\WINDOWS\System32\Wbem;C:\WINDOWS\System32\WindowsPowerShell\v1.0\;C:\Program Files (x86)\Skype\Phone\;C:\Users\detri\AppData\Local\Microsoft\WindowsApps;;C:\Users\detri\Desktop;
USERNAME=detri
OS=Windows_NT
PROCESSOR_IDENTIFIER=AMD64 Family 23 Model 1 Stepping 1, AuthenticAMD



---------------  S Y S T E M  ---------------

OS: Windows 10.0 , 64 bit Build 16299 (10.0.16299.431)

CPU:total 16 (initial active 16) (16 cores per cpu, 1 threads per core) family 23 model 1 stepping 1, cmov, cx8, fxsr, mmx, sse, sse2, sse3, ssse3, sse4.1, sse4.2, popcnt, avx, avx2, aes, clmul, mmxext, 3dnowpref, lzcnt, sse4a, tsc, tscinvbit, tscinv, bmi1

Memory: 4k page, physical 16703872k(10377888k free), swap 19194240k(9733036k free)

vm_info: Java HotSpot(TM) 64-Bit Server VM (25.161-b12) for windows-amd64 JRE (1.8.0_161-b12), built on Dec 19 2017 17:52:25 by "java_re" with MS VC++ 10.0 (VS2010)

time: Wed May 09 16:46:45 2018
elapsed time: 2 seconds (0d 0h 0m 2s)

