#
# A fatal error has been detected by the Java Runtime Environment:
#
#  EXCEPTION_ACCESS_VIOLATION (0xc0000005) at pc=0x00007ffa4610268d, pid=11140, tid=0x0000000000002064
#
# JRE version: Java(TM) SE Runtime Environment (8.0_161-b12) (build 1.8.0_161-b12)
# Java VM: Java HotSpot(TM) 64-Bit Server VM (25.161-b12 mixed mode windows-amd64 compressed oops)
# Problematic frame:
# C  [lwjgl_opengl.dll+0x1268d]
#
# Failed to write core dump. Minidumps are not enabled by default on client versions of Windows
#
# If you would like to submit a bug report, please visit:
#   http://bugreport.java.com/bugreport/crash.jsp
# The crash happened outside the Java Virtual Machine in native code.
# See problematic frame for where to report the bug.
#

---------------  T H R E A D  ---------------

Current thread (0x000000001ebf5800):  JavaThread "Finalizer" daemon [_thread_in_native, id=8292, stack(0x0000000021ec0000,0x0000000021fc0000)]

siginfo: ExceptionCode=0xc0000005, reading address 0x0000000000000948

Registers:
RAX=0x0000000066d13d50, RBX=0x000000001e827608, RCX=0x0000000000000001, RDX=0x0000000023b4d9bc
RSP=0x0000000021fbef58, RBP=0x0000000021fbefd8, RSI=0x0000000023b4d9bc, RDI=0x0000000004c783fd
R8 =0x0000000000000001, R9 =0x0000000023b4d9bc, R10=0x0000000000000000, R11=0x000000006679bcb0
R12=0x0000000000000000, R13=0x000000001e827608, R14=0x0000000021fbf008, R15=0x000000001ebf5800
RIP=0x00007ffa4610268d, EFLAGS=0x0000000000010202

Top of Stack: (sp=0x0000000021fbef58)
0x0000000021fbef58:   0000000004c917b0 0000000004c783fd
0x0000000021fbef68:   0000000004c911cb 000000001ebf5800
0x0000000021fbef78:   000000001e827608 0000000023b4d9bc
0x0000000021fbef88:   000000001ebf5800 0000000004c91182
0x0000000021fbef98:   0000000021fbef98 000000001e827608
0x0000000021fbefa8:   0000000021fbf008 000000001e82ca80
0x0000000021fbefb8:   0000000000000000 000000001e827608
0x0000000021fbefc8:   0000000000000000 0000000021fbeff8
0x0000000021fbefd8:   0000000021fbf050 0000000004c783fd
0x0000000021fbefe8:   00000006c10040c0 0000000004c87a58
0x0000000021fbeff8:   0000000023b4d9bc 000000076b0521b0
0x0000000021fbf008:   0000000000000001 0000000021fbf010
0x0000000021fbf018:   000000001e82777c 0000000021fbf080
0x0000000021fbf028:   000000001e82ca80 0000000000000000
0x0000000021fbf038:   000000001e8277f0 0000000021fbeff8
0x0000000021fbf048:   0000000021fbf080 0000000021fbf0c8 

Instructions: (pc=0x00007ffa4610268d)
0x00007ffa4610266d:   49 ff a2 e8 00 00 00 cc cc cc cc cc cc cc cc cc
0x00007ffa4610267d:   cc cc cc 48 8b 01 49 8b d1 41 8b c8 4c 8b 50 18
0x00007ffa4610268d:   49 ff a2 48 09 00 00 cc cc cc cc cc cc cc cc cc
0x00007ffa4610269d:   cc cc cc 48 8b 01 49 8b d1 41 8b c8 4c 8b 50 18 


Register to memory mapping:

RAX=0x0000000066d13d50 is an unknown value
RBX={method} {0x000000001e827610} 'nglDeleteBuffers' '(IJ)V' in 'org/lwjgl/opengl/GL15'
RCX=0x0000000000000001 is an unknown value
RDX=0x0000000023b4d9bc is an unknown value
RSP=0x0000000021fbef58 is pointing into the stack for thread: 0x000000001ebf5800
RBP=0x0000000021fbefd8 is pointing into the stack for thread: 0x000000001ebf5800
RSI=0x0000000023b4d9bc is an unknown value
RDI=0x0000000004c783fd is at code_begin+2301 in an Interpreter codelet
invoke return entry points  [0x0000000004c77b00, 0x0000000004c784e0]  2528 bytes
R8 =0x0000000000000001 is an unknown value
R9 =0x0000000023b4d9bc is an unknown value
R10=0x0000000000000000 is an unknown value
R11=0x000000006679bcb0 is an unknown value
R12=0x0000000000000000 is an unknown value
R13={method} {0x000000001e827610} 'nglDeleteBuffers' '(IJ)V' in 'org/lwjgl/opengl/GL15'
R14=0x0000000021fbf008 is pointing into the stack for thread: 0x000000001ebf5800
R15=0x000000001ebf5800 is a thread


Stack: [0x0000000021ec0000,0x0000000021fc0000],  sp=0x0000000021fbef58,  free space=1019k
Native frames: (J=compiled Java code, j=interpreted, Vv=VM code, C=native code)
C  [lwjgl_opengl.dll+0x1268d]

Java frames: (J=compiled Java code, j=interpreted, Vv=VM code)
j  org.lwjgl.opengl.GL15.nglDeleteBuffers(IJ)V+0
j  org.lwjgl.opengl.GL15.glDeleteBuffers(I)V+20
j  com.detrivos.eng.render.Model.finalize()V+10
J 1101 C1 java.lang.ref.Finalizer.runFinalizer(Lsun/misc/JavaLangAccess;)V (62 bytes) @ 0x000000000523337c [0x0000000005232de0+0x59c]
J 1100 C1 java.lang.ref.Finalizer.access$100(Ljava/lang/ref/Finalizer;Lsun/misc/JavaLangAccess;)V (6 bytes) @ 0x00000000052302b4 [0x0000000005230240+0x74]
j  java.lang.ref.Finalizer$FinalizerThread.run()V+45
v  ~StubRoutines::call_stub

---------------  P R O C E S S  ---------------

Java Threads: ( => current thread )
  0x00000000206ac800 JavaThread "DestroyJavaVM" [_thread_blocked, id=10324, stack(0x0000000004a50000,0x0000000004b50000)]
  0x00000000206ac000 JavaThread "Java2D Disposer" daemon [_thread_blocked, id=4888, stack(0x00000000397b0000,0x00000000398b0000)]
  0x0000000020778800 JavaThread "Service Thread" daemon [_thread_blocked, id=9672, stack(0x00000000235f0000,0x00000000236f0000)]
  0x00000000206a9800 JavaThread "C1 CompilerThread11" daemon [_thread_blocked, id=924, stack(0x00000000234f0000,0x00000000235f0000)]
  0x00000000206a9000 JavaThread "C1 CompilerThread10" daemon [_thread_blocked, id=3244, stack(0x00000000233f0000,0x00000000234f0000)]
  0x00000000206a8000 JavaThread "C1 CompilerThread9" daemon [_thread_blocked, id=8148, stack(0x00000000232f0000,0x00000000233f0000)]
  0x00000000206aa800 JavaThread "C1 CompilerThread8" daemon [_thread_blocked, id=4016, stack(0x00000000231f0000,0x00000000232f0000)]
  0x00000000206a6800 JavaThread "C2 CompilerThread7" daemon [_thread_blocked, id=3596, stack(0x00000000230f0000,0x00000000231f0000)]
  0x00000000206a7800 JavaThread "C2 CompilerThread6" daemon [_thread_blocked, id=11316, stack(0x0000000022ff0000,0x00000000230f0000)]
  0x00000000206ad800 JavaThread "C2 CompilerThread5" daemon [_thread_blocked, id=2204, stack(0x0000000022df0000,0x0000000022ef0000)]
  0x00000000206a4000 JavaThread "C2 CompilerThread4" daemon [_thread_blocked, id=7188, stack(0x0000000022cf0000,0x0000000022df0000)]
  0x0000000020695000 JavaThread "C2 CompilerThread3" daemon [_thread_blocked, id=14156, stack(0x0000000022bf0000,0x0000000022cf0000)]
  0x0000000020694000 JavaThread "C2 CompilerThread2" daemon [_thread_blocked, id=8448, stack(0x0000000022af0000,0x0000000022bf0000)]
  0x000000002068f800 JavaThread "C2 CompilerThread1" daemon [_thread_blocked, id=13744, stack(0x00000000229f0000,0x0000000022af0000)]
  0x000000002068e000 JavaThread "C2 CompilerThread0" daemon [_thread_blocked, id=14544, stack(0x00000000228f0000,0x00000000229f0000)]
  0x0000000020682800 JavaThread "JDWP Command Reader" daemon [_thread_in_native, id=456, stack(0x00000000227f0000,0x00000000228f0000)]
  0x000000002067f800 JavaThread "JDWP Event Helper Thread" daemon [_thread_blocked, id=9416, stack(0x00000000226f0000,0x00000000227f0000)]
  0x0000000020673800 JavaThread "JDWP Transport Listener: dt_socket" daemon [_thread_blocked, id=12988, stack(0x00000000225f0000,0x00000000226f0000)]
  0x000000002066a000 JavaThread "Attach Listener" daemon [_thread_blocked, id=10704, stack(0x00000000221b0000,0x00000000222b0000)]
  0x0000000020665800 JavaThread "Signal Dispatcher" daemon [_thread_blocked, id=3904, stack(0x00000000220b0000,0x00000000221b0000)]
=>0x000000001ebf5800 JavaThread "Finalizer" daemon [_thread_in_native, id=8292, stack(0x0000000021ec0000,0x0000000021fc0000)]
  0x000000001ebec800 JavaThread "Reference Handler" daemon [_thread_blocked, id=11460, stack(0x0000000021dc0000,0x0000000021ec0000)]

Other Threads:
  0x000000001ebe5800 VMThread [stack: 0x0000000021cc0000,0x0000000021dc0000] [id=11992]
  0x00000000207a3000 WatcherThread [stack: 0x00000000236f0000,0x00000000237f0000] [id=8584]

VM state:not at safepoint (normal execution)

VM Mutex/Monitor currently owned by a thread: None

Heap:
 PSYoungGen      total 76288K, used 9058K [0x000000076b000000, 0x0000000770500000, 0x00000007c0000000)
  eden space 65536K, 3% used [0x000000076b000000,0x000000076b1eba80,0x000000076f000000)
  from space 10752K, 65% used [0x000000076fa80000,0x000000077016d160,0x0000000770500000)
  to   space 10752K, 0% used [0x000000076f000000,0x000000076f000000,0x000000076fa80000)
 ParOldGen       total 175104K, used 40K [0x00000006c1000000, 0x00000006cbb00000, 0x000000076b000000)
  object space 175104K, 0% used [0x00000006c1000000,0x00000006c100a000,0x00000006cbb00000)
 Metaspace       used 12212K, capacity 12433K, committed 12672K, reserved 1060864K
  class space    used 1033K, capacity 1131K, committed 1152K, reserved 1048576K

Card table byte_map: [0x0000000014030000,0x0000000014830000] byte_map_base: 0x0000000010a28000

Marking Bits: (ParMarkBitMap*) 0x0000000066d8f860
 Begin Bits: [0x0000000015a80000, 0x0000000019a40000)
 End Bits:   [0x0000000019a40000, 0x000000001da00000)

Polling page: 0x0000000002c50000

CodeCache: size=245760Kb used=6990Kb max_used=6990Kb free=238769Kb
 bounds [0x0000000004c70000, 0x0000000005350000, 0x0000000013c70000]
 total_blobs=2388 nmethods=1495 adapters=812
 compilation: enabled

Compilation events (10 events):
Event: 5.202 Thread 0x00000000206a4000 1491       4       org.lwjgl.system.APIUtil::apiCheckAllocation (46 bytes)
Event: 5.202 Thread 0x00000000206a4000 nmethod 1491 0x0000000005171050 code [0x0000000005171180, 0x00000000051711b8]
Event: 5.221 Thread 0x00000000206a8000 1492       3       java.lang.Integer::stringSize (21 bytes)
Event: 5.221 Thread 0x00000000206a9000 1493       3       java.lang.Integer::getChars (131 bytes)
Event: 5.221 Thread 0x00000000206a8000 nmethod 1492 0x0000000005341b90 code [0x0000000005341d00, 0x0000000005341f10]
Event: 5.221 Thread 0x00000000206a9000 nmethod 1493 0x0000000005346750 code [0x00000000053468e0, 0x0000000005346d70]
Event: 5.351 Thread 0x00000000206aa800 1494   !   3       sun.misc.Cleaner::clean (35 bytes)
Event: 5.351 Thread 0x00000000206a9800 1495   !   3       java.lang.ref.Reference::tryHandlePending (115 bytes)
Event: 5.352 Thread 0x00000000206aa800 nmethod 1494 0x0000000005346090 code [0x0000000005346240, 0x00000000053465d8]
Event: 5.352 Thread 0x00000000206a9800 nmethod 1495 0x0000000005344c10 code [0x0000000005344e40, 0x0000000005345b48]

GC Heap History (8 events):
Event: 1.426 GC heap before
{Heap before GC invocations=1 (full 0):
 PSYoungGen      total 76288K, used 65536K [0x000000076b000000, 0x0000000770500000, 0x00000007c0000000)
  eden space 65536K, 100% used [0x000000076b000000,0x000000076f000000,0x000000076f000000)
  from space 10752K, 0% used [0x000000076fa80000,0x000000076fa80000,0x0000000770500000)
  to   space 10752K, 0% used [0x000000076f000000,0x000000076f000000,0x000000076fa80000)
 ParOldGen       total 175104K, used 0K [0x00000006c1000000, 0x00000006cbb00000, 0x000000076b000000)
  object space 175104K, 0% used [0x00000006c1000000,0x00000006c1000000,0x00000006cbb00000)
 Metaspace       used 11999K, capacity 12177K, committed 12416K, reserved 1060864K
  class space    used 1028K, capacity 1131K, committed 1152K, reserved 1048576K
Event: 1.432 GC heap after
Heap after GC invocations=1 (full 0):
 PSYoungGen      total 76288K, used 9136K [0x000000076b000000, 0x0000000770500000, 0x00000007c0000000)
  eden space 65536K, 0% used [0x000000076b000000,0x000000076b000000,0x000000076f000000)
  from space 10752K, 84% used [0x000000076f000000,0x000000076f8ec310,0x000000076fa80000)
  to   space 10752K, 0% used [0x000000076fa80000,0x000000076fa80000,0x0000000770500000)
 ParOldGen       total 175104K, used 16K [0x00000006c1000000, 0x00000006cbb00000, 0x000000076b000000)
  object space 175104K, 0% used [0x00000006c1000000,0x00000006c1004000,0x00000006cbb00000)
 Metaspace       used 11999K, capacity 12177K, committed 12416K, reserved 1060864K
  class space    used 1028K, capacity 1131K, committed 1152K, reserved 1048576K
}
Event: 2.756 GC heap before
{Heap before GC invocations=2 (full 0):
 PSYoungGen      total 76288K, used 74672K [0x000000076b000000, 0x0000000770500000, 0x00000007c0000000)
  eden space 65536K, 100% used [0x000000076b000000,0x000000076f000000,0x000000076f000000)
  from space 10752K, 84% used [0x000000076f000000,0x000000076f8ec310,0x000000076fa80000)
  to   space 10752K, 0% used [0x000000076fa80000,0x000000076fa80000,0x0000000770500000)
 ParOldGen       total 175104K, used 16K [0x00000006c1000000, 0x00000006cbb00000, 0x000000076b000000)
  object space 175104K, 0% used [0x00000006c1000000,0x00000006c1004000,0x00000006cbb00000)
 Metaspace       used 12118K, capacity 12369K, committed 12672K, reserved 1060864K
  class space    used 1029K, capacity 1131K, committed 1152K, reserved 1048576K
Event: 2.760 GC heap after
Heap after GC invocations=2 (full 0):
 PSYoungGen      total 76288K, used 7348K [0x000000076b000000, 0x0000000770500000, 0x00000007c0000000)
  eden space 65536K, 0% used [0x000000076b000000,0x000000076b000000,0x000000076f000000)
  from space 10752K, 68% used [0x000000076fa80000,0x00000007701ad180,0x0000000770500000)
  to   space 10752K, 0% used [0x000000076f000000,0x000000076f000000,0x000000076fa80000)
 ParOldGen       total 175104K, used 24K [0x00000006c1000000, 0x00000006cbb00000, 0x000000076b000000)
  object space 175104K, 0% used [0x00000006c1000000,0x00000006c1006000,0x00000006cbb00000)
 Metaspace       used 12118K, capacity 12369K, committed 12672K, reserved 1060864K
  class space    used 1029K, capacity 1131K, committed 1152K, reserved 1048576K
}
Event: 4.039 GC heap before
{Heap before GC invocations=3 (full 0):
 PSYoungGen      total 76288K, used 72884K [0x000000076b000000, 0x0000000770500000, 0x00000007c0000000)
  eden space 65536K, 100% used [0x000000076b000000,0x000000076f000000,0x000000076f000000)
  from space 10752K, 68% used [0x000000076fa80000,0x00000007701ad180,0x0000000770500000)
  to   space 10752K, 0% used [0x000000076f000000,0x000000076f000000,0x000000076fa80000)
 ParOldGen       total 175104K, used 24K [0x00000006c1000000, 0x00000006cbb00000, 0x000000076b000000)
  object space 175104K, 0% used [0x00000006c1000000,0x00000006c1006000,0x00000006cbb00000)
 Metaspace       used 12178K, capacity 12369K, committed 12672K, reserved 1060864K
  class space    used 1029K, capacity 1131K, committed 1152K, reserved 1048576K
Event: 4.041 GC heap after
Heap after GC invocations=3 (full 0):
 PSYoungGen      total 76288K, used 7221K [0x000000076b000000, 0x0000000770500000, 0x00000007c0000000)
  eden space 65536K, 0% used [0x000000076b000000,0x000000076b000000,0x000000076f000000)
  from space 10752K, 67% used [0x000000076f000000,0x000000076f70d6f8,0x000000076fa80000)
  to   space 10752K, 0% used [0x000000076fa80000,0x000000076fa80000,0x0000000770500000)
 ParOldGen       total 175104K, used 32K [0x00000006c1000000, 0x00000006cbb00000, 0x000000076b000000)
  object space 175104K, 0% used [0x00000006c1000000,0x00000006c1008000,0x00000006cbb00000)
 Metaspace       used 12178K, capacity 12369K, committed 12672K, reserved 1060864K
  class space    used 1029K, capacity 1131K, committed 1152K, reserved 1048576K
}
Event: 5.348 GC heap before
{Heap before GC invocations=4 (full 0):
 PSYoungGen      total 76288K, used 72757K [0x000000076b000000, 0x0000000770500000, 0x00000007c0000000)
  eden space 65536K, 100% used [0x000000076b000000,0x000000076f000000,0x000000076f000000)
  from space 10752K, 67% used [0x000000076f000000,0x000000076f70d6f8,0x000000076fa80000)
  to   space 10752K, 0% used [0x000000076fa80000,0x000000076fa80000,0x0000000770500000)
 ParOldGen       total 175104K, used 32K [0x00000006c1000000, 0x00000006cbb00000, 0x000000076b000000)
  object space 175104K, 0% used [0x00000006c1000000,0x00000006c1008000,0x00000006cbb00000)
 Metaspace       used 12193K, capacity 12369K, committed 12672K, reserved 1060864K
  class space    used 1030K, capacity 1131K, committed 1152K, reserved 1048576K
Event: 5.350 GC heap after
Heap after GC invocations=4 (full 0):
 PSYoungGen      total 76288K, used 7092K [0x000000076b000000, 0x0000000770500000, 0x00000007c0000000)
  eden space 65536K, 0% used [0x000000076b000000,0x000000076b000000,0x000000076f000000)
  from space 10752K, 65% used [0x000000076fa80000,0x000000077016d160,0x0000000770500000)
  to   space 10752K, 0% used [0x000000076f000000,0x000000076f000000,0x000000076fa80000)
 ParOldGen       total 175104K, used 40K [0x00000006c1000000, 0x00000006cbb00000, 0x000000076b000000)
  object space 175104K, 0% used [0x00000006c1000000,0x00000006c100a000,0x00000006cbb00000)
 Metaspace       used 12193K, capacity 12369K, committed 12672K, reserved 1060864K
  class space    used 1030K, capacity 1131K, committed 1152K, reserved 1048576K
}

Deoptimization events (10 events):
Event: 1.152 Thread 0x0000000004b72800 Uncommon trap: reason=unstable_if action=reinterpret pc=0x00000000051af03c method=java.io.BufferedInputStream.read1([BII)I @ 22
Event: 1.153 Thread 0x0000000004b72800 Uncommon trap: reason=unstable_if action=reinterpret pc=0x00000000051aab54 method=java.io.BufferedInputStream.read1([BII)I @ 22
Event: 1.157 Thread 0x0000000004b72800 Uncommon trap: reason=unstable_if action=reinterpret pc=0x00000000051838fc method=sun.awt.image.ByteInterleavedRaster.putByteData(IIII[B)V @ 395
Event: 1.159 Thread 0x0000000004b72800 Uncommon trap: reason=unstable_if action=reinterpret pc=0x000000000519b370 method=java.awt.image.ComponentColorModel.getRGB(Ljava/lang/Object;)I @ 4
Event: 1.159 Thread 0x0000000004b72800 Uncommon trap: reason=unstable_if action=reinterpret pc=0x00000000051741a0 method=java.awt.image.ComponentColorModel.getAlpha(Ljava/lang/Object;)I @ 4
Event: 1.159 Thread 0x0000000004b72800 Uncommon trap: reason=unstable_if action=reinterpret pc=0x0000000005175128 method=java.awt.image.ComponentColorModel.extractComponent(Ljava/lang/Object;II)I @ 4
Event: 1.159 Thread 0x0000000004b72800 Uncommon trap: reason=unstable_if action=reinterpret pc=0x00000000051723ac method=java.awt.image.ComponentColorModel.getAlpha(Ljava/lang/Object;)I @ 4
Event: 4.817 Thread 0x0000000004b72800 Uncommon trap: reason=unstable_if action=reinterpret pc=0x00000000052d9ef4 method=com.detrivos.entity.projectile.Arrow.checkTileCollision()V @ 91
Event: 5.351 Thread 0x000000001ebec800 Uncommon trap: reason=unstable_if action=reinterpret pc=0x000000000532d0ec method=sun.misc.Cleaner.remove(Lsun/misc/Cleaner;)Z @ 45
Event: 5.352 Thread 0x000000001ebf5800 Uncommon trap: reason=unstable_if action=reinterpret pc=0x00000000052f2898 method=java.lang.ThreadLocal.get()Ljava/lang/Object; @ 11

Classes redefined (0 events):
No events

Internal exceptions (10 events):
Event: 1.221 Thread 0x0000000004b72800 Exception <a 'java/lang/ArrayIndexOutOfBoundsException'> (0x000000076e9c6328) thrown at [C:\re\workspace\8-2-build-windows-amd64-cygwin\jdk8u161\10277\hotspot\src\share\vm\runtime\sharedRuntime.cpp, line 605]
Event: 1.221 Thread 0x0000000004b72800 Exception <a 'java/lang/ArrayIndexOutOfBoundsException'> (0x000000076e9c6560) thrown at [C:\re\workspace\8-2-build-windows-amd64-cygwin\jdk8u161\10277\hotspot\src\share\vm\runtime\sharedRuntime.cpp, line 605]
Event: 1.221 Thread 0x0000000004b72800 Exception <a 'java/lang/ArrayIndexOutOfBoundsException'> (0x000000076e9c6798) thrown at [C:\re\workspace\8-2-build-windows-amd64-cygwin\jdk8u161\10277\hotspot\src\share\vm\runtime\sharedRuntime.cpp, line 605]
Event: 1.221 Thread 0x0000000004b72800 Exception <a 'java/lang/ArrayIndexOutOfBoundsException'> (0x000000076e9c69d0) thrown at [C:\re\workspace\8-2-build-windows-amd64-cygwin\jdk8u161\10277\hotspot\src\share\vm\runtime\sharedRuntime.cpp, line 605]
Event: 1.221 Thread 0x0000000004b72800 Exception <a 'java/lang/ArrayIndexOutOfBoundsException'> (0x000000076e9c6c08) thrown at [C:\re\workspace\8-2-build-windows-amd64-cygwin\jdk8u161\10277\hotspot\src\share\vm\runtime\sharedRuntime.cpp, line 605]
Event: 1.221 Thread 0x0000000004b72800 Exception <a 'java/lang/ArrayIndexOutOfBoundsException'> (0x000000076e9c6e40) thrown at [C:\re\workspace\8-2-build-windows-amd64-cygwin\jdk8u161\10277\hotspot\src\share\vm\runtime\sharedRuntime.cpp, line 605]
Event: 1.221 Thread 0x0000000004b72800 Exception <a 'java/lang/ArrayIndexOutOfBoundsException'> (0x000000076e9c7078) thrown at [C:\re\workspace\8-2-build-windows-amd64-cygwin\jdk8u161\10277\hotspot\src\share\vm\runtime\sharedRuntime.cpp, line 605]
Event: 1.221 Thread 0x0000000004b72800 Exception <a 'java/lang/ArrayIndexOutOfBoundsException'> (0x000000076e9c72b0) thrown at [C:\re\workspace\8-2-build-windows-amd64-cygwin\jdk8u161\10277\hotspot\src\share\vm\runtime\sharedRuntime.cpp, line 605]
Event: 5.351 Thread 0x000000001ebec800 Implicit null exception at 0x000000000532c6e2 to 0x000000000532d0cd
Event: 5.352 Thread 0x000000001ebf5800 Implicit null exception at 0x00000000052f2755 to 0x00000000052f287d

Events (10 events):
Event: 5.352 Executing VM operation: RevokeBias done
Event: 5.352 Executing VM operation: RevokeBias
Event: 5.352 Executing VM operation: RevokeBias done
Event: 5.352 Executing VM operation: RevokeBias
Event: 5.352 Executing VM operation: RevokeBias done
Event: 5.352 Executing VM operation: RevokeBias
Event: 5.352 Executing VM operation: RevokeBias done
Event: 5.352 Executing VM operation: RevokeBias
Event: 5.352 Executing VM operation: RevokeBias done
Event: 5.352 Executing VM operation: RevokeBias


Dynamic libraries:
0x00007ff6fa830000 - 0x00007ff6fa867000 	C:\Program Files\Java\jre1.8.0_161\bin\javaw.exe
0x00007ffa75650000 - 0x00007ffa75830000 	C:\WINDOWS\SYSTEM32\ntdll.dll
0x00007ffa74ab0000 - 0x00007ffa74b5e000 	C:\WINDOWS\System32\KERNEL32.DLL
0x00007ffa71f40000 - 0x00007ffa721a6000 	C:\WINDOWS\System32\KERNELBASE.dll
0x00007ffa74030000 - 0x00007ffa740d1000 	C:\WINDOWS\System32\ADVAPI32.dll
0x00007ffa74a10000 - 0x00007ffa74aad000 	C:\WINDOWS\System32\msvcrt.dll
0x00007ffa743f0000 - 0x00007ffa7444b000 	C:\WINDOWS\System32\sechost.dll
0x00007ffa74d20000 - 0x00007ffa74e3f000 	C:\WINDOWS\System32\RPCRT4.dll
0x00007ffa74870000 - 0x00007ffa749ff000 	C:\WINDOWS\System32\USER32.dll
0x00007ffa71a50000 - 0x00007ffa71a70000 	C:\WINDOWS\System32\win32u.dll
0x00007ffa72b20000 - 0x00007ffa72b48000 	C:\WINDOWS\System32\GDI32.dll
0x00007ffa72980000 - 0x00007ffa72b13000 	C:\WINDOWS\System32\gdi32full.dll
0x00007ffa71ea0000 - 0x00007ffa71f3b000 	C:\WINDOWS\System32\msvcp_win.dll
0x00007ffa71cf0000 - 0x00007ffa71de6000 	C:\WINDOWS\System32\ucrtbase.dll
0x00007ffa66ec0000 - 0x00007ffa67129000 	C:\WINDOWS\WinSxS\amd64_microsoft.windows.common-controls_6595b64144ccf1df_6.0.16299.431_none_15c7d3ee93659e73\COMCTL32.dll
0x00007ffa74ec0000 - 0x00007ffa751c8000 	C:\WINDOWS\System32\combase.dll
0x00007ffa721b0000 - 0x00007ffa72222000 	C:\WINDOWS\System32\bcryptPrimitives.dll
0x00007ffa743c0000 - 0x00007ffa743ed000 	C:\WINDOWS\System32\IMM32.DLL
0x00000000661b0000 - 0x0000000066282000 	C:\Program Files\Java\jre1.8.0_161\bin\msvcr100.dll
0x0000000066570000 - 0x0000000066e0f000 	C:\Program Files\Java\jre1.8.0_161\bin\server\jvm.dll
0x00007ffa74a00000 - 0x00007ffa74a08000 	C:\WINDOWS\System32\PSAPI.DLL
0x00007ffa61620000 - 0x00007ffa61629000 	C:\WINDOWS\SYSTEM32\WSOCK32.dll
0x00007ffa6fba0000 - 0x00007ffa6fbc3000 	C:\WINDOWS\SYSTEM32\WINMM.dll
0x00007ffa6a5c0000 - 0x00007ffa6a5ca000 	C:\WINDOWS\SYSTEM32\VERSION.dll
0x00007ffa74e50000 - 0x00007ffa74ebc000 	C:\WINDOWS\System32\WS2_32.dll
0x00007ffa6f8a0000 - 0x00007ffa6f8ca000 	C:\WINDOWS\SYSTEM32\winmmbase.dll
0x00007ffa71e50000 - 0x00007ffa71e9a000 	C:\WINDOWS\System32\cfgmgr32.dll
0x0000000066480000 - 0x000000006648f000 	C:\Program Files\Java\jre1.8.0_161\bin\verify.dll
0x0000000066450000 - 0x0000000066479000 	C:\Program Files\Java\jre1.8.0_161\bin\java.dll
0x0000000066170000 - 0x00000000661a5000 	C:\Program Files\Java\jre1.8.0_161\bin\jdwp.dll
0x0000000066160000 - 0x0000000066168000 	C:\Program Files\Java\jre1.8.0_161\bin\npt.dll
0x0000000066430000 - 0x0000000066446000 	C:\Program Files\Java\jre1.8.0_161\bin\zip.dll
0x00007ffa72b50000 - 0x00007ffa73f88000 	C:\WINDOWS\System32\SHELL32.dll
0x00007ffa74b60000 - 0x00007ffa74c06000 	C:\WINDOWS\System32\shcore.dll
0x00007ffa72230000 - 0x00007ffa72977000 	C:\WINDOWS\System32\windows.storage.dll
0x00007ffa740e0000 - 0x00007ffa74131000 	C:\WINDOWS\System32\shlwapi.dll
0x00007ffa71a30000 - 0x00007ffa71a41000 	C:\WINDOWS\System32\kernel.appcore.dll
0x00007ffa719c0000 - 0x00007ffa71a0c000 	C:\WINDOWS\System32\powrprof.dll
0x00007ffa71a10000 - 0x00007ffa71a2b000 	C:\WINDOWS\System32\profapi.dll
0x0000000066150000 - 0x0000000066159000 	C:\Program Files\Java\jre1.8.0_161\bin\dt_socket.dll
0x00007ffa4b590000 - 0x00007ffa4b5a6000 	C:\WINDOWS\system32\napinsp.dll
0x00007ffa4c650000 - 0x00007ffa4c66a000 	C:\WINDOWS\system32\pnrpnsp.dll
0x00007ffa6ef20000 - 0x00007ffa6ef38000 	C:\WINDOWS\system32\NLAapi.dll
0x00007ffa71230000 - 0x00007ffa71296000 	C:\WINDOWS\System32\mswsock.dll
0x00007ffa71000000 - 0x00007ffa710b6000 	C:\WINDOWS\SYSTEM32\DNSAPI.dll
0x00007ffa746f0000 - 0x00007ffa746f8000 	C:\WINDOWS\System32\NSI.dll
0x00007ffa70fc0000 - 0x00007ffa70ff9000 	C:\WINDOWS\SYSTEM32\IPHLPAPI.DLL
0x00007ffa609d0000 - 0x00007ffa609de000 	C:\WINDOWS\System32\winrnr.dll
0x00007ffa68820000 - 0x00007ffa68890000 	C:\WINDOWS\System32\fwpuclnt.dll
0x00007ffa71500000 - 0x00007ffa71525000 	C:\WINDOWS\SYSTEM32\bcrypt.dll
0x00007ffa686a0000 - 0x00007ffa686aa000 	C:\Windows\System32\rasadhlp.dll
0x0000000065fb0000 - 0x0000000066148000 	C:\Program Files\Java\jre1.8.0_161\bin\awt.dll
0x00007ffa744b0000 - 0x00007ffa74575000 	C:\WINDOWS\System32\OLEAUT32.dll
0x00007ffa6fe10000 - 0x00007ffa6fe98000 	C:\WINDOWS\SYSTEM32\apphelp.dll
0x0000000066410000 - 0x000000006642a000 	C:\Program Files\Java\jre1.8.0_161\bin\net.dll
0x00000000663f0000 - 0x0000000066401000 	C:\Program Files\Java\jre1.8.0_161\bin\nio.dll
0x00007ffa4d630000 - 0x00007ffa4d68b000 	C:\Users\detri\AppData\Local\Temp\lwjgldetri\3.1.6-build-14\lwjgl.dll
0x00007ffa4ce60000 - 0x00007ffa4ceb1000 	C:\Users\detri\AppData\Local\Temp\lwjgldetri\3.1.6-build-14\glfw.dll
0x00007ffa6ff30000 - 0x00007ffa6ffc5000 	C:\WINDOWS\system32\uxtheme.dll
0x00007ffa717b0000 - 0x00007ffa717d7000 	C:\WINDOWS\SYSTEM32\DEVOBJ.dll
0x00007ffa70240000 - 0x00007ffa7026a000 	C:\WINDOWS\SYSTEM32\dwmapi.dll
0x00007ffa6c0a0000 - 0x00007ffa6c0ce000 	C:\WINDOWS\SYSTEM32\inputhost.dll
0x00007ffa6f500000 - 0x00007ffa6f5dc000 	C:\WINDOWS\SYSTEM32\CoreMessaging.dll
0x00007ffa6c3a0000 - 0x00007ffa6c68e000 	C:\WINDOWS\SYSTEM32\CoreUIComponents.dll
0x00007ffa70be0000 - 0x00007ffa70c11000 	C:\WINDOWS\SYSTEM32\ntmarta.dll
0x00007ffa6ddc0000 - 0x00007ffa6def6000 	C:\WINDOWS\SYSTEM32\wintypes.dll
0x00007ffa74580000 - 0x00007ffa746e7000 	C:\WINDOWS\System32\MSCTF.dll
0x0000000180000000 - 0x000000018025a000 	C:\Program Files (x86)\RivaTuner Statistics Server\RTSSHooks64.dll
0x00007ffa751d0000 - 0x00007ffa7561e000 	C:\WINDOWS\System32\SETUPAPI.DLL
0x00007ffa71df0000 - 0x00007ffa71e48000 	C:\WINDOWS\System32\WINTRUST.dll
0x00007ffa719a0000 - 0x00007ffa719b2000 	C:\WINDOWS\System32\MSASN1.dll
0x00007ffa71b20000 - 0x00007ffa71cee000 	C:\WINDOWS\System32\CRYPT32.dll
0x00007ffa4b9d0000 - 0x00007ffa4baee000 	C:\WINDOWS\SYSTEM32\opengl32.dll
0x00007ffa4b970000 - 0x00007ffa4b99c000 	C:\WINDOWS\SYSTEM32\GLU32.dll
0x00007ffa4b940000 - 0x00007ffa4b965000 	C:\WINDOWS\System32\DriverStore\FileRepository\c0326037.inf_amd64_6cad8aeb5717c52d\B326079\atig6pxx.dll
0x0000000067b20000 - 0x0000000069e65000 	C:\WINDOWS\System32\DriverStore\FileRepository\c0326037.inf_amd64_6cad8aeb5717c52d\B326079\atio6axx.dll
0x00007ffa74700000 - 0x00007ffa74849000 	C:\WINDOWS\System32\ole32.dll
0x00007ffa5e730000 - 0x00007ffa5e752000 	C:\WINDOWS\SYSTEM32\dxva2.dll
0x00007ffa4b900000 - 0x00007ffa4b937000 	C:\WINDOWS\System32\DriverStore\FileRepository\c0326037.inf_amd64_6cad8aeb5717c52d\B326079\atig6txx.dll
0x00007ffa48a20000 - 0x00007ffa48b91000 	C:\WINDOWS\SYSTEM32\atiadlxx.dll
0x00007ffa6e250000 - 0x00007ffa6e263000 	C:\WINDOWS\SYSTEM32\WTSAPI32.dll
0x00007ffa718a0000 - 0x00007ffa718c9000 	C:\WINDOWS\SYSTEM32\USERENV.dll
0x00007ffa6e270000 - 0x00007ffa6e421000 	C:\WINDOWS\SYSTEM32\PROPSYS.dll
0x00007ffa69070000 - 0x00007ffa69108000 	C:\WINDOWS\System32\TextInputFramework.dll
0x00007ffa460f0000 - 0x00007ffa4614f000 	C:\Users\detri\AppData\Local\Temp\lwjgldetri\3.1.6-build-14\lwjgl_opengl.dll
0x00007ffa713f0000 - 0x00007ffa71407000 	C:\WINDOWS\SYSTEM32\CRYPTSP.dll
0x00007ffa70e30000 - 0x00007ffa70e63000 	C:\WINDOWS\system32\rsaenh.dll
0x00007ffa71410000 - 0x00007ffa7141b000 	C:\WINDOWS\SYSTEM32\CRYPTBASE.dll
0x00007ffa6c7e0000 - 0x00007ffa6c7f6000 	C:\WINDOWS\SYSTEM32\dhcpcsvc6.DLL
0x00007ffa6d3f0000 - 0x00007ffa6d40a000 	C:\WINDOWS\SYSTEM32\dhcpcsvc.DLL
0x00007ffa654b0000 - 0x00007ffa65678000 	C:\WINDOWS\SYSTEM32\dbghelp.dll

VM Arguments:
jvm_args: -agentlib:jdwp=transport=dt_socket,suspend=y,address=localhost:57134 -Dfile.encoding=Cp1252 
java_command: com.detrivos.Main
java_class_path (initial): C:\Program Files\Java\jre1.8.0_161\lib\resources.jar;C:\Program Files\Java\jre1.8.0_161\lib\rt.jar;C:\Program Files\Java\jre1.8.0_161\lib\jsse.jar;C:\Program Files\Java\jre1.8.0_161\lib\jce.jar;C:\Program Files\Java\jre1.8.0_161\lib\charsets.jar;C:\Program Files\Java\jre1.8.0_161\lib\jfr.jar;C:\Program Files\Java\jre1.8.0_161\lib\ext\access-bridge-64.jar;C:\Program Files\Java\jre1.8.0_161\lib\ext\cldrdata.jar;C:\Program Files\Java\jre1.8.0_161\lib\ext\dnsns.jar;C:\Program Files\Java\jre1.8.0_161\lib\ext\jaccess.jar;C:\Program Files\Java\jre1.8.0_161\lib\ext\jfxrt.jar;C:\Program Files\Java\jre1.8.0_161\lib\ext\localedata.jar;C:\Program Files\Java\jre1.8.0_161\lib\ext\nashorn.jar;C:\Program Files\Java\jre1.8.0_161\lib\ext\sunec.jar;C:\Program Files\Java\jre1.8.0_161\lib\ext\sunjce_provider.jar;C:\Program Files\Java\jre1.8.0_161\lib\ext\sunmscapi.jar;C:\Program Files\Java\jre1.8.0_161\lib\ext\sunpkcs11.jar;C:\Program Files\Java\jre1.8.0_161\lib\ext\zipfs.jar;F:\Workspaces\GameEngineBase1\Engine\bin;F:\Workspaces\GameEngineBase1\Engine\lib\joml-1.9.2.jar;F:\Workspaces\GameEngineBase1\Engine\lib\lwjgl-glfw.jar;F:\Workspaces\GameEngineBase1\Engine\lib\lwjgl-nuklear.jar;F:\Workspaces\GameEngineBase1\Engine\lib\lwjgl-openal.jar;F:\Workspaces\GameEngineBase1\Engine\lib\lwjgl-opencl.jar;F:\Workspaces\GameEngineBase1\Engine\lib\lwjgl-opengl.jar;F:\Workspaces\GameEngineBase1\Engine\lib\lwjgl-opengles.jar;F:\Workspaces\GameEngineBase1\Engine\lib\lwjgl-ovr.jar;F:\Workspaces\GameEngineBase1\Engine\lib\lwjgl-vulkan.jar;F:\Workspaces\GameEngineBase1\Engine\lib\lwjgl.jar;F:\Workspaces\GameEngineBase1\Engine\res;F:\Workspaces\GameEngineBase1\Engine\lib\natives\lwjgl-glfw-natives-windows.jar;F:\Workspaces\GameEngineBase1\Engine\lib\natives\lwjgl-natives-windows.jar;F:\Workspaces\GameEngineBase1\Engine\lib\natives\lwjgl-nuklear-natives-windows.jar;F:\Workspaces\GameEngineBase1\Engine\lib\natives\lwjgl-openal-natives-windows.jar;F:\Workspaces\GameEngineBase1\
Launcher Type: SUN_STANDARD

Environment Variables:
PATH=C:/Program Files/Java/jre1.8.0_161/bin/server;C:/Program Files/Java/jre1.8.0_161/bin;C:/Program Files/Java/jre1.8.0_161/lib/amd64;C:\ProgramData\Oracle\Java\javapath;C:\WINDOWS\system32;C:\WINDOWS;C:\WINDOWS\System32\Wbem;C:\WINDOWS\System32\WindowsPowerShell\v1.0\;C:\Program Files (x86)\Skype\Phone\;C:\Users\detri\AppData\Local\Microsoft\WindowsApps;;C:\Users\detri\Desktop;
USERNAME=detri
OS=Windows_NT
PROCESSOR_IDENTIFIER=AMD64 Family 23 Model 1 Stepping 1, AuthenticAMD



---------------  S Y S T E M  ---------------

OS: Windows 10.0 , 64 bit Build 16299 (10.0.16299.431)

CPU:total 16 (initial active 16) (16 cores per cpu, 1 threads per core) family 23 model 1 stepping 1, cmov, cx8, fxsr, mmx, sse, sse2, sse3, ssse3, sse4.1, sse4.2, popcnt, avx, avx2, aes, clmul, mmxext, 3dnowpref, lzcnt, sse4a, tsc, tscinvbit, tscinv, bmi1

Memory: 4k page, physical 16703872k(10532456k free), swap 19194240k(8685980k free)

vm_info: Java HotSpot(TM) 64-Bit Server VM (25.161-b12) for windows-amd64 JRE (1.8.0_161-b12), built on Dec 19 2017 17:52:25 by "java_re" with MS VC++ 10.0 (VS2010)

time: Sun Jun 10 21:27:55 2018
elapsed time: 5 seconds (0d 0h 0m 5s)

